7.0996 	WARNING 	User requested fullscreen with size [1920 1080], but screen is actually [2560, 1440]. Using actual size
8.5657 	EXP 	Created window1 = Window(allowGUI=False, allowStencil=False, autoLog=True, bitsMode=UNKNOWN, blendMode='avg', color=array([ 1.,  1.,  1.]), colorSpace='rgb', fullscr=UNKNOWN, gamma=None, lms=UNKNOWN, monitor=<psychopy.monitors.calibTools.Monitor object at 0x18FA40D0>, name='window1', pos=[0, 0], screen=0, size=array([2560, 1440]), stereo=False, units='pix', useFBO=True, useRetina=False, viewOri=0.0, viewPos=None, viewScale=None, waitBlanking=True, winType='pyglet')
8.5657 	EXP 	window1: recordFrameIntervals = False
8.7318 	EXP 	window1: recordFrameIntervals = True
8.9155 	EXP 	window1: recordFrameIntervals = False
8.9175 	EXP 	Created intro_image = ImageStim(autoLog=True, color=array([ 1.,  1.,  1.]), colorSpace='rgb', contrast=1.0, depth=0.0, flipHoriz=False, flipVert=False, image=None, interpolate=True, mask=None, maskParams=None, name='intro_image', opacity=1.0, ori=0.0, pos=array([ 0.,  0.]), size=array([ 0.5,  0.5]), texRes=128, units='pix', win=Window(...))
9.1997 	EXP 	Set  sound=A
9.1997 	EXP 	Set Sound  volume=1.000
9.2013 	EXP 	Created inst_image = ImageStim(autoLog=True, color=array([ 1.,  1.,  1.]), colorSpace='rgb', contrast=1.0, depth=0.0, flipHoriz=False, flipVert=False, image=None, interpolate=True, mask=None, maskParams=None, name='inst_image', opacity=1.0, ori=0.0, pos=array([ 0.,  0.]), size=array([ 0.5,  0.5]), texRes=128, units='pix', win=Window(...))
9.2249 	EXP 	Set  sound=A
9.2250 	EXP 	Set Sound  volume=1.000
9.2264 	EXP 	Created task_image = ImageStim(autoLog=True, color=array([ 1.,  1.,  1.]), colorSpace='rgb', contrast=1.0, depth=0.0, flipHoriz=False, flipVert=False, image=None, interpolate=True, mask=None, maskParams=None, name='task_image', opacity=1.0, ori=0.0, pos=array([ 0.,  0.]), size=array([ 0.5,  0.5]), texRes=128, units='pix', win=Window(...))
9.4287 	EXP 	Created relax_image = ImageStim(autoLog=True, color=array([ 1.,  1.,  1.]), colorSpace='rgb', contrast=1.0, depth=0.0, flipHoriz=False, flipVert=False, image='Instructions/png/r-0.png', interpolate=True, mask=None, maskParams=None, name='relax_image', opacity=1.0, ori=0.0, pos=array([ 0.,  0.]), size=array([1920, 1080]), texRes=128, units='pix', win=Window(...))
9.4507 	EXP 	Set  sound=A
9.4508 	EXP 	Set Sound  volume=1.000
9.4522 	EXP 	Created survey_image = ImageStim(autoLog=True, color=array([ 1.,  1.,  1.]), colorSpace='rgb', contrast=1.0, depth=0.0, flipHoriz=False, flipVert=False, image=None, interpolate=True, mask=None, maskParams=None, name='survey_image', opacity=1.0, ori=0.0, pos=array([ 0.,  0.]), size=array([ 0.5,  0.5]), texRes=128, units='pix', win=Window(...))
9.4533 	EXP 	Created block_finish_image = ImageStim(autoLog=True, color=array([ 1.,  1.,  1.]), colorSpace='rgb', contrast=1.0, depth=0.0, flipHoriz=False, flipVert=False, image=None, interpolate=True, mask=None, maskParams=None, name='block_finish_image', opacity=1.0, ori=0.0, pos=array([ 0.,  0.]), size=array([ 0.5,  0.5]), texRes=128, units='pix', win=Window(...))
9.4749 	EXP 	Set  sound=A
9.4750 	EXP 	Set Sound  volume=1.000
9.4765 	EXP 	Created task_intro_image = ImageStim(autoLog=True, color=array([ 1.,  1.,  1.]), colorSpace='rgb', contrast=1.0, depth=0.0, flipHoriz=False, flipVert=False, image=None, interpolate=True, mask=None, maskParams=None, name='task_intro_image', opacity=1.0, ori=0.0, pos=array([ 0.,  0.]), size=array([ 0.5,  0.5]), texRes=128, units='pix', win=Window(...))
9.4982 	EXP 	Set  sound=A
9.4982 	EXP 	Set Sound  volume=1.000
9.4998 	EXP 	Created inst_image = ImageStim(autoLog=True, color=array([ 1.,  1.,  1.]), colorSpace='rgb', contrast=1.0, depth=0.0, flipHoriz=False, flipVert=False, image=None, interpolate=True, mask=None, maskParams=None, name='inst_image', opacity=1.0, ori=0.0, pos=array([ 0.,  0.]), size=array([ 0.5,  0.5]), texRes=128, units='pix', win=Window(...))
9.5224 	EXP 	Set  sound=A
9.5224 	EXP 	Set Sound  volume=1.000
9.5240 	EXP 	Created task_image = ImageStim(autoLog=True, color=array([ 1.,  1.,  1.]), colorSpace='rgb', contrast=1.0, depth=0.0, flipHoriz=False, flipVert=False, image=None, interpolate=True, mask=None, maskParams=None, name='task_image', opacity=1.0, ori=0.0, pos=array([ 0.,  0.]), size=array([ 0.5,  0.5]), texRes=128, units='pix', win=Window(...))
9.6920 	EXP 	Created relax_image = ImageStim(autoLog=True, color=array([ 1.,  1.,  1.]), colorSpace='rgb', contrast=1.0, depth=0.0, flipHoriz=False, flipVert=False, image='Instructions/png/r-0.png', interpolate=True, mask=None, maskParams=None, name='relax_image', opacity=1.0, ori=0.0, pos=array([ 0.,  0.]), size=array([1920, 1080]), texRes=128, units='pix', win=Window(...))
9.7157 	EXP 	Set  sound=A
9.7158 	EXP 	Set Sound  volume=1.000
9.7173 	EXP 	Created survey_image = ImageStim(autoLog=True, color=array([ 1.,  1.,  1.]), colorSpace='rgb', contrast=1.0, depth=0.0, flipHoriz=False, flipVert=False, image=None, interpolate=True, mask=None, maskParams=None, name='survey_image', opacity=1.0, ori=0.0, pos=array([ 0.,  0.]), size=array([ 0.5,  0.5]), texRes=128, units='pix', win=Window(...))
9.7185 	EXP 	Created block_finish_image = ImageStim(autoLog=True, color=array([ 1.,  1.,  1.]), colorSpace='rgb', contrast=1.0, depth=0.0, flipHoriz=False, flipVert=False, image=None, interpolate=True, mask=None, maskParams=None, name='block_finish_image', opacity=1.0, ori=0.0, pos=array([ 0.,  0.]), size=array([ 0.5,  0.5]), texRes=128, units='pix', win=Window(...))
9.7447 	EXP 	Set  sound=A
9.7448 	EXP 	Set Sound  volume=1.000
9.9326 	EXP 	Created finish_image = ImageStim(autoLog=True, color=array([ 1.,  1.,  1.]), colorSpace='rgb', contrast=1.0, depth=0.0, flipHoriz=False, flipVert=False, image='Instructions/png/finish-0.png', interpolate=True, mask=None, maskParams=None, name='finish_image', opacity=1.0, ori=0.0, pos=array([ 0.,  0.]), size=array([1920, 1080]), texRes=128, units='pix', win=Window(...))
9.9552 	EXP 	Set  sound=A
9.9553 	EXP 	Set Sound  volume=1.000
9.9555 	EXP 	Created sequence: sequential, trialTypes=1, nReps=10, seed=None
9.9557 	EXP 	New trial (rep=0, index=0): None
10.1537 	EXP 	Set  sound=Instructions/wav/int-0.wav
10.1538 	EXP 	Sound  started
10.1742 	EXP 	intro_image: size = array([1920, 1080])
10.1742 	EXP 	intro_image: image = 'Instructions/png/int-0.png'
10.1742 	EXP 	intro_image: autoDraw = True
12.5183 	DATA 	Keypress: escape
