14.0403 	WARNING 	User requested fullscreen with size [1360  768], but screen is actually [2560, 1440]. Using actual size
16.8575 	EXP 	Created window1 = Window(allowGUI=False, allowStencil=False, autoLog=True, bitsMode=UNKNOWN, blendMode='avg', color=array([ 0.,  0.,  0.]), colorSpace='rgb', fullscr=UNKNOWN, gamma=None, lms=UNKNOWN, monitor=<psychopy.monitors.calibTools.Monitor object at 0x19653A70>, name='window1', pos=[0, 0], screen=0, size=array([2560, 1440]), stereo=False, units=u'norm', useFBO=True, useRetina=False, viewOri=0.0, viewPos=None, viewScale=None, waitBlanking=True, winType='pyglet')
16.9020 	EXP 	Created AMSA01.jpg = ImageStim(autoLog=True, color=array([ 1.,  1.,  1.]), colorSpace='rgb', contrast=1.0, depth=-6.0, flipHoriz=False, flipVert=False, image='stim/AMSA01.jpg', interpolate=True, mask=None, maskParams=None, name='AMSA01.jpg', opacity=1.0, ori=0.0, pos=array([ 0. ,  3.2]), size=array([ 6.,  6.]), texRes=128, units='deg', win=Window(...))
16.9122 	EXP 	Created AMSA02.jpg = ImageStim(autoLog=True, color=array([ 1.,  1.,  1.]), colorSpace='rgb', contrast=1.0, depth=-6.0, flipHoriz=False, flipVert=False, image='stim/AMSA02.jpg', interpolate=True, mask=None, maskParams=None, name='AMSA02.jpg', opacity=1.0, ori=0.0, pos=array([ 0. ,  3.2]), size=array([ 6.,  6.]), texRes=128, units='deg', win=Window(...))
16.9325 	EXP 	Created AMSA03.jpg = ImageStim(autoLog=True, color=array([ 1.,  1.,  1.]), colorSpace='rgb', contrast=1.0, depth=-6.0, flipHoriz=False, flipVert=False, image='stim/AMSA03.jpg', interpolate=True, mask=None, maskParams=None, name='AMSA03.jpg', opacity=1.0, ori=0.0, pos=array([ 0. ,  3.2]), size=array([ 6.,  6.]), texRes=128, units='deg', win=Window(...))
16.9479 	EXP 	Created AMSA04.jpg = ImageStim(autoLog=True, color=array([ 1.,  1.,  1.]), colorSpace='rgb', contrast=1.0, depth=-6.0, flipHoriz=False, flipVert=False, image='stim/AMSA04.jpg', interpolate=True, mask=None, maskParams=None, name='AMSA04.jpg', opacity=1.0, ori=0.0, pos=array([ 0. ,  3.2]), size=array([ 6.,  6.]), texRes=128, units='deg', win=Window(...))
16.9690 	EXP 	Created AMSA05.jpg = ImageStim(autoLog=True, color=array([ 1.,  1.,  1.]), colorSpace='rgb', contrast=1.0, depth=-6.0, flipHoriz=False, flipVert=False, image='stim/AMSA05.jpg', interpolate=True, mask=None, maskParams=None, name='AMSA05.jpg', opacity=1.0, ori=0.0, pos=array([ 0. ,  3.2]), size=array([ 6.,  6.]), texRes=128, units='deg', win=Window(...))
16.9909 	EXP 	Created AMSA06.jpg = ImageStim(autoLog=True, color=array([ 1.,  1.,  1.]), colorSpace='rgb', contrast=1.0, depth=-6.0, flipHoriz=False, flipVert=False, image='stim/AMSA06.jpg', interpolate=True, mask=None, maskParams=None, name='AMSA06.jpg', opacity=1.0, ori=0.0, pos=array([ 0. ,  3.2]), size=array([ 6.,  6.]), texRes=128, units='deg', win=Window(...))
17.0082 	EXP 	Created AMSA07.jpg = ImageStim(autoLog=True, color=array([ 1.,  1.,  1.]), colorSpace='rgb', contrast=1.0, depth=-6.0, flipHoriz=False, flipVert=False, image='stim/AMSA07.jpg', interpolate=True, mask=None, maskParams=None, name='AMSA07.jpg', opacity=1.0, ori=0.0, pos=array([ 0. ,  3.2]), size=array([ 6.,  6.]), texRes=128, units='deg', win=Window(...))
17.0209 	EXP 	Created AMSA08.jpg = ImageStim(autoLog=True, color=array([ 1.,  1.,  1.]), colorSpace='rgb', contrast=1.0, depth=-6.0, flipHoriz=False, flipVert=False, image='stim/AMSA08.jpg', interpolate=True, mask=None, maskParams=None, name='AMSA08.jpg', opacity=1.0, ori=0.0, pos=array([ 0. ,  3.2]), size=array([ 6.,  6.]), texRes=128, units='deg', win=Window(...))
17.0359 	EXP 	Created AMSA09.jpg = ImageStim(autoLog=True, color=array([ 1.,  1.,  1.]), colorSpace='rgb', contrast=1.0, depth=-6.0, flipHoriz=False, flipVert=False, image='stim/AMSA09.jpg', interpolate=True, mask=None, maskParams=None, name='AMSA09.jpg', opacity=1.0, ori=0.0, pos=array([ 0. ,  3.2]), size=array([ 6.,  6.]), texRes=128, units='deg', win=Window(...))
17.0490 	EXP 	Created AMSA10.jpg = ImageStim(autoLog=True, color=array([ 1.,  1.,  1.]), colorSpace='rgb', contrast=1.0, depth=-6.0, flipHoriz=False, flipVert=False, image='stim/AMSA10.jpg', interpolate=True, mask=None, maskParams=None, name='AMSA10.jpg', opacity=1.0, ori=0.0, pos=array([ 0. ,  3.2]), size=array([ 6.,  6.]), texRes=128, units='deg', win=Window(...))
17.0667 	EXP 	Created AMSA11.jpg = ImageStim(autoLog=True, color=array([ 1.,  1.,  1.]), colorSpace='rgb', contrast=1.0, depth=-6.0, flipHoriz=False, flipVert=False, image='stim/AMSA11.jpg', interpolate=True, mask=None, maskParams=None, name='AMSA11.jpg', opacity=1.0, ori=0.0, pos=array([ 0. ,  3.2]), size=array([ 6.,  6.]), texRes=128, units='deg', win=Window(...))
17.0848 	EXP 	Created AMSA12.jpg = ImageStim(autoLog=True, color=array([ 1.,  1.,  1.]), colorSpace='rgb', contrast=1.0, depth=-6.0, flipHoriz=False, flipVert=False, image='stim/AMSA12.jpg', interpolate=True, mask=None, maskParams=None, name='AMSA12.jpg', opacity=1.0, ori=0.0, pos=array([ 0. ,  3.2]), size=array([ 6.,  6.]), texRes=128, units='deg', win=Window(...))
17.1047 	EXP 	Created AMSA13.jpg = ImageStim(autoLog=True, color=array([ 1.,  1.,  1.]), colorSpace='rgb', contrast=1.0, depth=-6.0, flipHoriz=False, flipVert=False, image='stim/AMSA13.jpg', interpolate=True, mask=None, maskParams=None, name='AMSA13.jpg', opacity=1.0, ori=0.0, pos=array([ 0. ,  3.2]), size=array([ 6.,  6.]), texRes=128, units='deg', win=Window(...))
17.1139 	EXP 	Created AMSA14.jpg = ImageStim(autoLog=True, color=array([ 1.,  1.,  1.]), colorSpace='rgb', contrast=1.0, depth=-6.0, flipHoriz=False, flipVert=False, image='stim/AMSA14.jpg', interpolate=True, mask=None, maskParams=None, name='AMSA14.jpg', opacity=1.0, ori=0.0, pos=array([ 0. ,  3.2]), size=array([ 6.,  6.]), texRes=128, units='deg', win=Window(...))
17.1339 	EXP 	Created AMSA15.jpg = ImageStim(autoLog=True, color=array([ 1.,  1.,  1.]), colorSpace='rgb', contrast=1.0, depth=-6.0, flipHoriz=False, flipVert=False, image='stim/AMSA15.jpg', interpolate=True, mask=None, maskParams=None, name='AMSA15.jpg', opacity=1.0, ori=0.0, pos=array([ 0. ,  3.2]), size=array([ 6.,  6.]), texRes=128, units='deg', win=Window(...))
17.1428 	EXP 	Created AMSA16.jpg = ImageStim(autoLog=True, color=array([ 1.,  1.,  1.]), colorSpace='rgb', contrast=1.0, depth=-6.0, flipHoriz=False, flipVert=False, image='stim/AMSA16.jpg', interpolate=True, mask=None, maskParams=None, name='AMSA16.jpg', opacity=1.0, ori=0.0, pos=array([ 0. ,  3.2]), size=array([ 6.,  6.]), texRes=128, units='deg', win=Window(...))
17.1630 	EXP 	Created AMSA17.jpg = ImageStim(autoLog=True, color=array([ 1.,  1.,  1.]), colorSpace='rgb', contrast=1.0, depth=-6.0, flipHoriz=False, flipVert=False, image='stim/AMSA17.jpg', interpolate=True, mask=None, maskParams=None, name='AMSA17.jpg', opacity=1.0, ori=0.0, pos=array([ 0. ,  3.2]), size=array([ 6.,  6.]), texRes=128, units='deg', win=Window(...))
17.1826 	EXP 	Created AMSA18.jpg = ImageStim(autoLog=True, color=array([ 1.,  1.,  1.]), colorSpace='rgb', contrast=1.0, depth=-6.0, flipHoriz=False, flipVert=False, image='stim/AMSA18.jpg', interpolate=True, mask=None, maskParams=None, name='AMSA18.jpg', opacity=1.0, ori=0.0, pos=array([ 0. ,  3.2]), size=array([ 6.,  6.]), texRes=128, units='deg', win=Window(...))
17.2025 	EXP 	Created AMSA19.jpg = ImageStim(autoLog=True, color=array([ 1.,  1.,  1.]), colorSpace='rgb', contrast=1.0, depth=-6.0, flipHoriz=False, flipVert=False, image='stim/AMSA19.jpg', interpolate=True, mask=None, maskParams=None, name='AMSA19.jpg', opacity=1.0, ori=0.0, pos=array([ 0. ,  3.2]), size=array([ 6.,  6.]), texRes=128, units='deg', win=Window(...))
17.2173 	EXP 	Created AMSA20.jpg = ImageStim(autoLog=True, color=array([ 1.,  1.,  1.]), colorSpace='rgb', contrast=1.0, depth=-6.0, flipHoriz=False, flipVert=False, image='stim/AMSA20.jpg', interpolate=True, mask=None, maskParams=None, name='AMSA20.jpg', opacity=1.0, ori=0.0, pos=array([ 0. ,  3.2]), size=array([ 6.,  6.]), texRes=128, units='deg', win=Window(...))
17.2361 	EXP 	Created AMNE01.jpg = ImageStim(autoLog=True, color=array([ 1.,  1.,  1.]), colorSpace='rgb', contrast=1.0, depth=-6.0, flipHoriz=False, flipVert=False, image='stim/AMNE01.jpg', interpolate=True, mask=None, maskParams=None, name='AMNE01.jpg', opacity=1.0, ori=0.0, pos=array([ 0. ,  3.2]), size=array([ 6.,  6.]), texRes=128, units='deg', win=Window(...))
17.2552 	EXP 	Created AMNE02.jpg = ImageStim(autoLog=True, color=array([ 1.,  1.,  1.]), colorSpace='rgb', contrast=1.0, depth=-6.0, flipHoriz=False, flipVert=False, image='stim/AMNE02.jpg', interpolate=True, mask=None, maskParams=None, name='AMNE02.jpg', opacity=1.0, ori=0.0, pos=array([ 0. ,  3.2]), size=array([ 6.,  6.]), texRes=128, units='deg', win=Window(...))
17.2703 	EXP 	Created AMNE03.jpg = ImageStim(autoLog=True, color=array([ 1.,  1.,  1.]), colorSpace='rgb', contrast=1.0, depth=-6.0, flipHoriz=False, flipVert=False, image='stim/AMNE03.jpg', interpolate=True, mask=None, maskParams=None, name='AMNE03.jpg', opacity=1.0, ori=0.0, pos=array([ 0. ,  3.2]), size=array([ 6.,  6.]), texRes=128, units='deg', win=Window(...))
17.2901 	EXP 	Created AMNE04.jpg = ImageStim(autoLog=True, color=array([ 1.,  1.,  1.]), colorSpace='rgb', contrast=1.0, depth=-6.0, flipHoriz=False, flipVert=False, image='stim/AMNE04.jpg', interpolate=True, mask=None, maskParams=None, name='AMNE04.jpg', opacity=1.0, ori=0.0, pos=array([ 0. ,  3.2]), size=array([ 6.,  6.]), texRes=128, units='deg', win=Window(...))
17.3052 	EXP 	Created AMNE05.jpg = ImageStim(autoLog=True, color=array([ 1.,  1.,  1.]), colorSpace='rgb', contrast=1.0, depth=-6.0, flipHoriz=False, flipVert=False, image='stim/AMNE05.jpg', interpolate=True, mask=None, maskParams=None, name='AMNE05.jpg', opacity=1.0, ori=0.0, pos=array([ 0. ,  3.2]), size=array([ 6.,  6.]), texRes=128, units='deg', win=Window(...))
17.3207 	EXP 	Created AMNE06.jpg = ImageStim(autoLog=True, color=array([ 1.,  1.,  1.]), colorSpace='rgb', contrast=1.0, depth=-6.0, flipHoriz=False, flipVert=False, image='stim/AMNE06.jpg', interpolate=True, mask=None, maskParams=None, name='AMNE06.jpg', opacity=1.0, ori=0.0, pos=array([ 0. ,  3.2]), size=array([ 6.,  6.]), texRes=128, units='deg', win=Window(...))
17.3379 	EXP 	Created AMNE07.jpg = ImageStim(autoLog=True, color=array([ 1.,  1.,  1.]), colorSpace='rgb', contrast=1.0, depth=-6.0, flipHoriz=False, flipVert=False, image='stim/AMNE07.jpg', interpolate=True, mask=None, maskParams=None, name='AMNE07.jpg', opacity=1.0, ori=0.0, pos=array([ 0. ,  3.2]), size=array([ 6.,  6.]), texRes=128, units='deg', win=Window(...))
17.3607 	EXP 	Created AMNE08.jpg = ImageStim(autoLog=True, color=array([ 1.,  1.,  1.]), colorSpace='rgb', contrast=1.0, depth=-6.0, flipHoriz=False, flipVert=False, image='stim/AMNE08.jpg', interpolate=True, mask=None, maskParams=None, name='AMNE08.jpg', opacity=1.0, ori=0.0, pos=array([ 0. ,  3.2]), size=array([ 6.,  6.]), texRes=128, units='deg', win=Window(...))
17.3782 	EXP 	Created AMNE09.jpg = ImageStim(autoLog=True, color=array([ 1.,  1.,  1.]), colorSpace='rgb', contrast=1.0, depth=-6.0, flipHoriz=False, flipVert=False, image='stim/AMNE09.jpg', interpolate=True, mask=None, maskParams=None, name='AMNE09.jpg', opacity=1.0, ori=0.0, pos=array([ 0. ,  3.2]), size=array([ 6.,  6.]), texRes=128, units='deg', win=Window(...))
17.3942 	EXP 	Created AMNE10.jpg = ImageStim(autoLog=True, color=array([ 1.,  1.,  1.]), colorSpace='rgb', contrast=1.0, depth=-6.0, flipHoriz=False, flipVert=False, image='stim/AMNE10.jpg', interpolate=True, mask=None, maskParams=None, name='AMNE10.jpg', opacity=1.0, ori=0.0, pos=array([ 0. ,  3.2]), size=array([ 6.,  6.]), texRes=128, units='deg', win=Window(...))
17.4096 	EXP 	Created AMNE11.jpg = ImageStim(autoLog=True, color=array([ 1.,  1.,  1.]), colorSpace='rgb', contrast=1.0, depth=-6.0, flipHoriz=False, flipVert=False, image='stim/AMNE11.jpg', interpolate=True, mask=None, maskParams=None, name='AMNE11.jpg', opacity=1.0, ori=0.0, pos=array([ 0. ,  3.2]), size=array([ 6.,  6.]), texRes=128, units='deg', win=Window(...))
17.4270 	EXP 	Created AMNE12.jpg = ImageStim(autoLog=True, color=array([ 1.,  1.,  1.]), colorSpace='rgb', contrast=1.0, depth=-6.0, flipHoriz=False, flipVert=False, image='stim/AMNE12.jpg', interpolate=True, mask=None, maskParams=None, name='AMNE12.jpg', opacity=1.0, ori=0.0, pos=array([ 0. ,  3.2]), size=array([ 6.,  6.]), texRes=128, units='deg', win=Window(...))
17.4391 	EXP 	Created AMNE13.jpg = ImageStim(autoLog=True, color=array([ 1.,  1.,  1.]), colorSpace='rgb', contrast=1.0, depth=-6.0, flipHoriz=False, flipVert=False, image='stim/AMNE13.jpg', interpolate=True, mask=None, maskParams=None, name='AMNE13.jpg', opacity=1.0, ori=0.0, pos=array([ 0. ,  3.2]), size=array([ 6.,  6.]), texRes=128, units='deg', win=Window(...))
17.4550 	EXP 	Created AMNE14.jpg = ImageStim(autoLog=True, color=array([ 1.,  1.,  1.]), colorSpace='rgb', contrast=1.0, depth=-6.0, flipHoriz=False, flipVert=False, image='stim/AMNE14.jpg', interpolate=True, mask=None, maskParams=None, name='AMNE14.jpg', opacity=1.0, ori=0.0, pos=array([ 0. ,  3.2]), size=array([ 6.,  6.]), texRes=128, units='deg', win=Window(...))
17.4736 	EXP 	Created AMNE15.jpg = ImageStim(autoLog=True, color=array([ 1.,  1.,  1.]), colorSpace='rgb', contrast=1.0, depth=-6.0, flipHoriz=False, flipVert=False, image='stim/AMNE15.jpg', interpolate=True, mask=None, maskParams=None, name='AMNE15.jpg', opacity=1.0, ori=0.0, pos=array([ 0. ,  3.2]), size=array([ 6.,  6.]), texRes=128, units='deg', win=Window(...))
17.4830 	EXP 	Created AMNE16.jpg = ImageStim(autoLog=True, color=array([ 1.,  1.,  1.]), colorSpace='rgb', contrast=1.0, depth=-6.0, flipHoriz=False, flipVert=False, image='stim/AMNE16.jpg', interpolate=True, mask=None, maskParams=None, name='AMNE16.jpg', opacity=1.0, ori=0.0, pos=array([ 0. ,  3.2]), size=array([ 6.,  6.]), texRes=128, units='deg', win=Window(...))
17.4958 	EXP 	Created AMNE17.jpg = ImageStim(autoLog=True, color=array([ 1.,  1.,  1.]), colorSpace='rgb', contrast=1.0, depth=-6.0, flipHoriz=False, flipVert=False, image='stim/AMNE17.jpg', interpolate=True, mask=None, maskParams=None, name='AMNE17.jpg', opacity=1.0, ori=0.0, pos=array([ 0. ,  3.2]), size=array([ 6.,  6.]), texRes=128, units='deg', win=Window(...))
17.5142 	EXP 	Created AMNE18.jpg = ImageStim(autoLog=True, color=array([ 1.,  1.,  1.]), colorSpace='rgb', contrast=1.0, depth=-6.0, flipHoriz=False, flipVert=False, image='stim/AMNE18.jpg', interpolate=True, mask=None, maskParams=None, name='AMNE18.jpg', opacity=1.0, ori=0.0, pos=array([ 0. ,  3.2]), size=array([ 6.,  6.]), texRes=128, units='deg', win=Window(...))
17.5239 	EXP 	Created AMNE19.jpg = ImageStim(autoLog=True, color=array([ 1.,  1.,  1.]), colorSpace='rgb', contrast=1.0, depth=-6.0, flipHoriz=False, flipVert=False, image='stim/AMNE19.jpg', interpolate=True, mask=None, maskParams=None, name='AMNE19.jpg', opacity=1.0, ori=0.0, pos=array([ 0. ,  3.2]), size=array([ 6.,  6.]), texRes=128, units='deg', win=Window(...))
17.5419 	EXP 	Created AMNE20.jpg = ImageStim(autoLog=True, color=array([ 1.,  1.,  1.]), colorSpace='rgb', contrast=1.0, depth=-6.0, flipHoriz=False, flipVert=False, image='stim/AMNE20.jpg', interpolate=True, mask=None, maskParams=None, name='AMNE20.jpg', opacity=1.0, ori=0.0, pos=array([ 0. ,  3.2]), size=array([ 6.,  6.]), texRes=128, units='deg', win=Window(...))
17.5589 	EXP 	Created AFSA01.jpg = ImageStim(autoLog=True, color=array([ 1.,  1.,  1.]), colorSpace='rgb', contrast=1.0, depth=-6.0, flipHoriz=False, flipVert=False, image='stim/AFSA01.jpg', interpolate=True, mask=None, maskParams=None, name='AFSA01.jpg', opacity=1.0, ori=0.0, pos=array([ 0. ,  3.2]), size=array([ 6.,  6.]), texRes=128, units='deg', win=Window(...))
17.5747 	EXP 	Created AFSA02.jpg = ImageStim(autoLog=True, color=array([ 1.,  1.,  1.]), colorSpace='rgb', contrast=1.0, depth=-6.0, flipHoriz=False, flipVert=False, image='stim/AFSA02.jpg', interpolate=True, mask=None, maskParams=None, name='AFSA02.jpg', opacity=1.0, ori=0.0, pos=array([ 0. ,  3.2]), size=array([ 6.,  6.]), texRes=128, units='deg', win=Window(...))
17.5924 	EXP 	Created AFSA03.jpg = ImageStim(autoLog=True, color=array([ 1.,  1.,  1.]), colorSpace='rgb', contrast=1.0, depth=-6.0, flipHoriz=False, flipVert=False, image='stim/AFSA03.jpg', interpolate=True, mask=None, maskParams=None, name='AFSA03.jpg', opacity=1.0, ori=0.0, pos=array([ 0. ,  3.2]), size=array([ 6.,  6.]), texRes=128, units='deg', win=Window(...))
17.6103 	EXP 	Created AFSA04.jpg = ImageStim(autoLog=True, color=array([ 1.,  1.,  1.]), colorSpace='rgb', contrast=1.0, depth=-6.0, flipHoriz=False, flipVert=False, image='stim/AFSA04.jpg', interpolate=True, mask=None, maskParams=None, name='AFSA04.jpg', opacity=1.0, ori=0.0, pos=array([ 0. ,  3.2]), size=array([ 6.,  6.]), texRes=128, units='deg', win=Window(...))
17.6218 	EXP 	Created AFSA05.jpg = ImageStim(autoLog=True, color=array([ 1.,  1.,  1.]), colorSpace='rgb', contrast=1.0, depth=-6.0, flipHoriz=False, flipVert=False, image='stim/AFSA05.jpg', interpolate=True, mask=None, maskParams=None, name='AFSA05.jpg', opacity=1.0, ori=0.0, pos=array([ 0. ,  3.2]), size=array([ 6.,  6.]), texRes=128, units='deg', win=Window(...))
17.6319 	EXP 	Created AFSA06.jpg = ImageStim(autoLog=True, color=array([ 1.,  1.,  1.]), colorSpace='rgb', contrast=1.0, depth=-6.0, flipHoriz=False, flipVert=False, image='stim/AFSA06.jpg', interpolate=True, mask=None, maskParams=None, name='AFSA06.jpg', opacity=1.0, ori=0.0, pos=array([ 0. ,  3.2]), size=array([ 6.,  6.]), texRes=128, units='deg', win=Window(...))
17.6406 	EXP 	Created AFSA07.jpg = ImageStim(autoLog=True, color=array([ 1.,  1.,  1.]), colorSpace='rgb', contrast=1.0, depth=-6.0, flipHoriz=False, flipVert=False, image='stim/AFSA07.jpg', interpolate=True, mask=None, maskParams=None, name='AFSA07.jpg', opacity=1.0, ori=0.0, pos=array([ 0. ,  3.2]), size=array([ 6.,  6.]), texRes=128, units='deg', win=Window(...))
17.6566 	EXP 	Created AFSA08.jpg = ImageStim(autoLog=True, color=array([ 1.,  1.,  1.]), colorSpace='rgb', contrast=1.0, depth=-6.0, flipHoriz=False, flipVert=False, image='stim/AFSA08.jpg', interpolate=True, mask=None, maskParams=None, name='AFSA08.jpg', opacity=1.0, ori=0.0, pos=array([ 0. ,  3.2]), size=array([ 6.,  6.]), texRes=128, units='deg', win=Window(...))
17.6832 	EXP 	Created AFSA09.jpg = ImageStim(autoLog=True, color=array([ 1.,  1.,  1.]), colorSpace='rgb', contrast=1.0, depth=-6.0, flipHoriz=False, flipVert=False, image='stim/AFSA09.jpg', interpolate=True, mask=None, maskParams=None, name='AFSA09.jpg', opacity=1.0, ori=0.0, pos=array([ 0. ,  3.2]), size=array([ 6.,  6.]), texRes=128, units='deg', win=Window(...))
17.6927 	EXP 	Created AFSA10.jpg = ImageStim(autoLog=True, color=array([ 1.,  1.,  1.]), colorSpace='rgb', contrast=1.0, depth=-6.0, flipHoriz=False, flipVert=False, image='stim/AFSA10.jpg', interpolate=True, mask=None, maskParams=None, name='AFSA10.jpg', opacity=1.0, ori=0.0, pos=array([ 0. ,  3.2]), size=array([ 6.,  6.]), texRes=128, units='deg', win=Window(...))
17.7157 	EXP 	Created AFSA11.jpg = ImageStim(autoLog=True, color=array([ 1.,  1.,  1.]), colorSpace='rgb', contrast=1.0, depth=-6.0, flipHoriz=False, flipVert=False, image='stim/AFSA11.jpg', interpolate=True, mask=None, maskParams=None, name='AFSA11.jpg', opacity=1.0, ori=0.0, pos=array([ 0. ,  3.2]), size=array([ 6.,  6.]), texRes=128, units='deg', win=Window(...))
17.7331 	EXP 	Created AFSA12.jpg = ImageStim(autoLog=True, color=array([ 1.,  1.,  1.]), colorSpace='rgb', contrast=1.0, depth=-6.0, flipHoriz=False, flipVert=False, image='stim/AFSA12.jpg', interpolate=True, mask=None, maskParams=None, name='AFSA12.jpg', opacity=1.0, ori=0.0, pos=array([ 0. ,  3.2]), size=array([ 6.,  6.]), texRes=128, units='deg', win=Window(...))
17.7423 	EXP 	Created AFSA13.jpg = ImageStim(autoLog=True, color=array([ 1.,  1.,  1.]), colorSpace='rgb', contrast=1.0, depth=-6.0, flipHoriz=False, flipVert=False, image='stim/AFSA13.jpg', interpolate=True, mask=None, maskParams=None, name='AFSA13.jpg', opacity=1.0, ori=0.0, pos=array([ 0. ,  3.2]), size=array([ 6.,  6.]), texRes=128, units='deg', win=Window(...))
17.7511 	EXP 	Created AFSA14.jpg = ImageStim(autoLog=True, color=array([ 1.,  1.,  1.]), colorSpace='rgb', contrast=1.0, depth=-6.0, flipHoriz=False, flipVert=False, image='stim/AFSA14.jpg', interpolate=True, mask=None, maskParams=None, name='AFSA14.jpg', opacity=1.0, ori=0.0, pos=array([ 0. ,  3.2]), size=array([ 6.,  6.]), texRes=128, units='deg', win=Window(...))
17.7613 	EXP 	Created AFSA15.jpg = ImageStim(autoLog=True, color=array([ 1.,  1.,  1.]), colorSpace='rgb', contrast=1.0, depth=-6.0, flipHoriz=False, flipVert=False, image='stim/AFSA15.jpg', interpolate=True, mask=None, maskParams=None, name='AFSA15.jpg', opacity=1.0, ori=0.0, pos=array([ 0. ,  3.2]), size=array([ 6.,  6.]), texRes=128, units='deg', win=Window(...))
17.7821 	EXP 	Created AFSA16.jpg = ImageStim(autoLog=True, color=array([ 1.,  1.,  1.]), colorSpace='rgb', contrast=1.0, depth=-6.0, flipHoriz=False, flipVert=False, image='stim/AFSA16.jpg', interpolate=True, mask=None, maskParams=None, name='AFSA16.jpg', opacity=1.0, ori=0.0, pos=array([ 0. ,  3.2]), size=array([ 6.,  6.]), texRes=128, units='deg', win=Window(...))
17.8197 	EXP 	Created AFSA17.jpg = ImageStim(autoLog=True, color=array([ 1.,  1.,  1.]), colorSpace='rgb', contrast=1.0, depth=-6.0, flipHoriz=False, flipVert=False, image='stim/AFSA17.jpg', interpolate=True, mask=None, maskParams=None, name='AFSA17.jpg', opacity=1.0, ori=0.0, pos=array([ 0. ,  3.2]), size=array([ 6.,  6.]), texRes=128, units='deg', win=Window(...))
17.8500 	EXP 	Created AFSA18.jpg = ImageStim(autoLog=True, color=array([ 1.,  1.,  1.]), colorSpace='rgb', contrast=1.0, depth=-6.0, flipHoriz=False, flipVert=False, image='stim/AFSA18.jpg', interpolate=True, mask=None, maskParams=None, name='AFSA18.jpg', opacity=1.0, ori=0.0, pos=array([ 0. ,  3.2]), size=array([ 6.,  6.]), texRes=128, units='deg', win=Window(...))
17.9139 	EXP 	Created AFSA19.jpg = ImageStim(autoLog=True, color=array([ 1.,  1.,  1.]), colorSpace='rgb', contrast=1.0, depth=-6.0, flipHoriz=False, flipVert=False, image='stim/AFSA19.jpg', interpolate=True, mask=None, maskParams=None, name='AFSA19.jpg', opacity=1.0, ori=0.0, pos=array([ 0. ,  3.2]), size=array([ 6.,  6.]), texRes=128, units='deg', win=Window(...))
17.9450 	EXP 	Created AFSA20.jpg = ImageStim(autoLog=True, color=array([ 1.,  1.,  1.]), colorSpace='rgb', contrast=1.0, depth=-6.0, flipHoriz=False, flipVert=False, image='stim/AFSA20.jpg', interpolate=True, mask=None, maskParams=None, name='AFSA20.jpg', opacity=1.0, ori=0.0, pos=array([ 0. ,  3.2]), size=array([ 6.,  6.]), texRes=128, units='deg', win=Window(...))
18.0087 	EXP 	Created AFNE01.jpg = ImageStim(autoLog=True, color=array([ 1.,  1.,  1.]), colorSpace='rgb', contrast=1.0, depth=-6.0, flipHoriz=False, flipVert=False, image='stim/AFNE01.jpg', interpolate=True, mask=None, maskParams=None, name='AFNE01.jpg', opacity=1.0, ori=0.0, pos=array([ 0. ,  3.2]), size=array([ 6.,  6.]), texRes=128, units='deg', win=Window(...))
18.0373 	EXP 	Created AFNE02.jpg = ImageStim(autoLog=True, color=array([ 1.,  1.,  1.]), colorSpace='rgb', contrast=1.0, depth=-6.0, flipHoriz=False, flipVert=False, image='stim/AFNE02.jpg', interpolate=True, mask=None, maskParams=None, name='AFNE02.jpg', opacity=1.0, ori=0.0, pos=array([ 0. ,  3.2]), size=array([ 6.,  6.]), texRes=128, units='deg', win=Window(...))
18.0551 	EXP 	Created AFNE03.jpg = ImageStim(autoLog=True, color=array([ 1.,  1.,  1.]), colorSpace='rgb', contrast=1.0, depth=-6.0, flipHoriz=False, flipVert=False, image='stim/AFNE03.jpg', interpolate=True, mask=None, maskParams=None, name='AFNE03.jpg', opacity=1.0, ori=0.0, pos=array([ 0. ,  3.2]), size=array([ 6.,  6.]), texRes=128, units='deg', win=Window(...))
18.0806 	EXP 	Created AFNE04.jpg = ImageStim(autoLog=True, color=array([ 1.,  1.,  1.]), colorSpace='rgb', contrast=1.0, depth=-6.0, flipHoriz=False, flipVert=False, image='stim/AFNE04.jpg', interpolate=True, mask=None, maskParams=None, name='AFNE04.jpg', opacity=1.0, ori=0.0, pos=array([ 0. ,  3.2]), size=array([ 6.,  6.]), texRes=128, units='deg', win=Window(...))
18.1033 	EXP 	Created AFNE05.jpg = ImageStim(autoLog=True, color=array([ 1.,  1.,  1.]), colorSpace='rgb', contrast=1.0, depth=-6.0, flipHoriz=False, flipVert=False, image='stim/AFNE05.jpg', interpolate=True, mask=None, maskParams=None, name='AFNE05.jpg', opacity=1.0, ori=0.0, pos=array([ 0. ,  3.2]), size=array([ 6.,  6.]), texRes=128, units='deg', win=Window(...))
18.1220 	EXP 	Created AFNE06.jpg = ImageStim(autoLog=True, color=array([ 1.,  1.,  1.]), colorSpace='rgb', contrast=1.0, depth=-6.0, flipHoriz=False, flipVert=False, image='stim/AFNE06.jpg', interpolate=True, mask=None, maskParams=None, name='AFNE06.jpg', opacity=1.0, ori=0.0, pos=array([ 0. ,  3.2]), size=array([ 6.,  6.]), texRes=128, units='deg', win=Window(...))
18.1324 	EXP 	Created AFNE07.jpg = ImageStim(autoLog=True, color=array([ 1.,  1.,  1.]), colorSpace='rgb', contrast=1.0, depth=-6.0, flipHoriz=False, flipVert=False, image='stim/AFNE07.jpg', interpolate=True, mask=None, maskParams=None, name='AFNE07.jpg', opacity=1.0, ori=0.0, pos=array([ 0. ,  3.2]), size=array([ 6.,  6.]), texRes=128, units='deg', win=Window(...))
18.1528 	EXP 	Created AFNE08.jpg = ImageStim(autoLog=True, color=array([ 1.,  1.,  1.]), colorSpace='rgb', contrast=1.0, depth=-6.0, flipHoriz=False, flipVert=False, image='stim/AFNE08.jpg', interpolate=True, mask=None, maskParams=None, name='AFNE08.jpg', opacity=1.0, ori=0.0, pos=array([ 0. ,  3.2]), size=array([ 6.,  6.]), texRes=128, units='deg', win=Window(...))
18.1662 	EXP 	Created AFNE09.jpg = ImageStim(autoLog=True, color=array([ 1.,  1.,  1.]), colorSpace='rgb', contrast=1.0, depth=-6.0, flipHoriz=False, flipVert=False, image='stim/AFNE09.jpg', interpolate=True, mask=None, maskParams=None, name='AFNE09.jpg', opacity=1.0, ori=0.0, pos=array([ 0. ,  3.2]), size=array([ 6.,  6.]), texRes=128, units='deg', win=Window(...))
18.1814 	EXP 	Created AFNE10.jpg = ImageStim(autoLog=True, color=array([ 1.,  1.,  1.]), colorSpace='rgb', contrast=1.0, depth=-6.0, flipHoriz=False, flipVert=False, image='stim/AFNE10.jpg', interpolate=True, mask=None, maskParams=None, name='AFNE10.jpg', opacity=1.0, ori=0.0, pos=array([ 0. ,  3.2]), size=array([ 6.,  6.]), texRes=128, units='deg', win=Window(...))
18.1920 	EXP 	Created AFNE11.jpg = ImageStim(autoLog=True, color=array([ 1.,  1.,  1.]), colorSpace='rgb', contrast=1.0, depth=-6.0, flipHoriz=False, flipVert=False, image='stim/AFNE11.jpg', interpolate=True, mask=None, maskParams=None, name='AFNE11.jpg', opacity=1.0, ori=0.0, pos=array([ 0. ,  3.2]), size=array([ 6.,  6.]), texRes=128, units='deg', win=Window(...))
18.2046 	EXP 	Created AFNE12.jpg = ImageStim(autoLog=True, color=array([ 1.,  1.,  1.]), colorSpace='rgb', contrast=1.0, depth=-6.0, flipHoriz=False, flipVert=False, image='stim/AFNE12.jpg', interpolate=True, mask=None, maskParams=None, name='AFNE12.jpg', opacity=1.0, ori=0.0, pos=array([ 0. ,  3.2]), size=array([ 6.,  6.]), texRes=128, units='deg', win=Window(...))
18.2258 	EXP 	Created AFNE13.jpg = ImageStim(autoLog=True, color=array([ 1.,  1.,  1.]), colorSpace='rgb', contrast=1.0, depth=-6.0, flipHoriz=False, flipVert=False, image='stim/AFNE13.jpg', interpolate=True, mask=None, maskParams=None, name='AFNE13.jpg', opacity=1.0, ori=0.0, pos=array([ 0. ,  3.2]), size=array([ 6.,  6.]), texRes=128, units='deg', win=Window(...))
18.2429 	EXP 	Created AFNE14.jpg = ImageStim(autoLog=True, color=array([ 1.,  1.,  1.]), colorSpace='rgb', contrast=1.0, depth=-6.0, flipHoriz=False, flipVert=False, image='stim/AFNE14.jpg', interpolate=True, mask=None, maskParams=None, name='AFNE14.jpg', opacity=1.0, ori=0.0, pos=array([ 0. ,  3.2]), size=array([ 6.,  6.]), texRes=128, units='deg', win=Window(...))
18.2631 	EXP 	Created AFNE15.jpg = ImageStim(autoLog=True, color=array([ 1.,  1.,  1.]), colorSpace='rgb', contrast=1.0, depth=-6.0, flipHoriz=False, flipVert=False, image='stim/AFNE15.jpg', interpolate=True, mask=None, maskParams=None, name='AFNE15.jpg', opacity=1.0, ori=0.0, pos=array([ 0. ,  3.2]), size=array([ 6.,  6.]), texRes=128, units='deg', win=Window(...))
18.2792 	EXP 	Created AFNE16.jpg = ImageStim(autoLog=True, color=array([ 1.,  1.,  1.]), colorSpace='rgb', contrast=1.0, depth=-6.0, flipHoriz=False, flipVert=False, image='stim/AFNE16.jpg', interpolate=True, mask=None, maskParams=None, name='AFNE16.jpg', opacity=1.0, ori=0.0, pos=array([ 0. ,  3.2]), size=array([ 6.,  6.]), texRes=128, units='deg', win=Window(...))
18.2894 	EXP 	Created AFNE17.jpg = ImageStim(autoLog=True, color=array([ 1.,  1.,  1.]), colorSpace='rgb', contrast=1.0, depth=-6.0, flipHoriz=False, flipVert=False, image='stim/AFNE17.jpg', interpolate=True, mask=None, maskParams=None, name='AFNE17.jpg', opacity=1.0, ori=0.0, pos=array([ 0. ,  3.2]), size=array([ 6.,  6.]), texRes=128, units='deg', win=Window(...))
18.2999 	EXP 	Created AFNE18.jpg = ImageStim(autoLog=True, color=array([ 1.,  1.,  1.]), colorSpace='rgb', contrast=1.0, depth=-6.0, flipHoriz=False, flipVert=False, image='stim/AFNE18.jpg', interpolate=True, mask=None, maskParams=None, name='AFNE18.jpg', opacity=1.0, ori=0.0, pos=array([ 0. ,  3.2]), size=array([ 6.,  6.]), texRes=128, units='deg', win=Window(...))
18.3173 	EXP 	Created AFNE19.jpg = ImageStim(autoLog=True, color=array([ 1.,  1.,  1.]), colorSpace='rgb', contrast=1.0, depth=-6.0, flipHoriz=False, flipVert=False, image='stim/AFNE19.jpg', interpolate=True, mask=None, maskParams=None, name='AFNE19.jpg', opacity=1.0, ori=0.0, pos=array([ 0. ,  3.2]), size=array([ 6.,  6.]), texRes=128, units='deg', win=Window(...))
18.3307 	EXP 	Created AFNE20.jpg = ImageStim(autoLog=True, color=array([ 1.,  1.,  1.]), colorSpace='rgb', contrast=1.0, depth=-6.0, flipHoriz=False, flipVert=False, image='stim/AFNE20.jpg', interpolate=True, mask=None, maskParams=None, name='AFNE20.jpg', opacity=1.0, ori=0.0, pos=array([ 0. ,  3.2]), size=array([ 6.,  6.]), texRes=128, units='deg', win=Window(...))
18.3307 	EXP 	window1: recordFrameIntervals = False
18.4917 	EXP 	window1: recordFrameIntervals = True
18.6753 	EXP 	window1: recordFrameIntervals = False
19.2252 	EXP 	Created Instructions = TextStim(alignHoriz='center', alignVert='center', antialias=True, autoLog=True, bold=False, color='white', colorSpace='named', contrast=1.0, depth=0.0, flipHoriz=False, flipVert=False, font='Arial', fontFiles=[], height=0.1, italic=False, name='Instructions', opacity=1.0, ori=0, pos=array([ 0.,  0.]), rgb=array([ 255.,  255.,  255.]), text=unicode(...), units=u'norm', win=Window(...), wrapWidth=1.5)
19.2307 	EXP 	Created Number1 = TextStim(alignHoriz='center', alignVert='center', antialias=True, autoLog=True, bold=False, color='white', colorSpace='named', contrast=1.0, depth=0.0, flipHoriz=False, flipVert=False, font='Arial', fontFiles=[], height=2, italic=False, name='Number1', opacity=1.0, ori=0, pos=array([ 0. ,  6.2]), rgb=array([ 255.,  255.,  255.]), text=u'1', units='deg', win=Window(...), wrapWidth=15.0)
19.2336 	EXP 	Created Number2 = TextStim(alignHoriz='center', alignVert='center', antialias=True, autoLog=True, bold=False, color='white', colorSpace='named', contrast=1.0, depth=0.0, flipHoriz=False, flipVert=False, font='Arial', fontFiles=[], height=2, italic=False, name='Number2', opacity=1.0, ori=0, pos=array([ 6.2,  0. ]), rgb=array([ 255.,  255.,  255.]), text=u'2', units='deg', win=Window(...), wrapWidth=15.0)
19.2364 	EXP 	Created Number3 = TextStim(alignHoriz='center', alignVert='center', antialias=True, autoLog=True, bold=False, color='white', colorSpace='named', contrast=1.0, depth=0.0, flipHoriz=False, flipVert=False, font='Arial', fontFiles=[], height=2, italic=False, name='Number3', opacity=1.0, ori=0, pos=array([ 0. , -6.2]), rgb=array([ 255.,  255.,  255.]), text=u'3', units='deg', win=Window(...), wrapWidth=15.0)
19.2392 	EXP 	Created Number4 = TextStim(alignHoriz='center', alignVert='center', antialias=True, autoLog=True, bold=False, color='white', colorSpace='named', contrast=1.0, depth=0.0, flipHoriz=False, flipVert=False, font='Arial', fontFiles=[], height=2, italic=False, name='Number4', opacity=1.0, ori=0, pos=array([-6.2,  0. ]), rgb=array([ 255.,  255.,  255.]), text=u'4', units='deg', win=Window(...), wrapWidth=15.0)
19.2768 	EXP 	Created Ready = TextStim(alignHoriz='center', alignVert='center', antialias=True, autoLog=True, bold=False, color='white', colorSpace='named', contrast=1.0, depth=0.0, flipHoriz=False, flipVert=False, font='Arial', fontFiles=[], height=0.1, italic=False, name='Ready', opacity=1.0, ori=0, pos=array([ 0.,  0.]), rgb=array([ 255.,  255.,  255.]), text=unicode(...), units=u'norm', win=Window(...), wrapWidth=1.5)
19.2809 	EXP 	Created FixationPoint = TextStim(alignHoriz='center', alignVert='center', antialias=True, autoLog=True, bold=False, color=array([ 1.,  1.,  1.]), colorSpace='rgb', contrast=1.0, depth=0.0, flipHoriz=False, flipVert=False, font='Arial', fontFiles=[], height=0.1, italic=False, name='FixationPoint', opacity=1.0, ori=0, pos=array([ 0.,  0.]), rgb=array([ 1.,  1.,  1.]), text=u'+', units=u'norm', win=Window(...), wrapWidth=1)
19.3027 	EXP 	Created Break = TextStim(alignHoriz='center', alignVert='center', antialias=True, autoLog=True, bold=False, color='white', colorSpace='named', contrast=1.0, depth=0.0, flipHoriz=False, flipVert=False, font='Arial', fontFiles=[], height=0.1, italic=False, name='Break', opacity=1.0, ori=0, pos=array([ 0.,  0.]), rgb=array([ 255.,  255.,  255.]), text=unicode(...), units=u'norm', win=Window(...), wrapWidth=1.5)
19.3256 	EXP 	Instructions: autoDraw = True
50.3848 	DATA 	Keypress: space
50.4058 	EXP 	Imported FemalePracticeFile.csv as conditions, 10 conditions, 6 params
50.4165 	EXP 	Created sequence: random, trialTypes=10, nReps=1, seed=None
50.5567 	EXP 	New trial (rep=0, index=0): {'IPosition2': u'AMNE23.JPG', 'IPosition3': u'AMNE24.JPG', 'IPosition1': u'AMNE22.JPG', 'IPosition6': u'AMSA24.JPG', 'IPosition4': u'AMSA22.JPG', 'IPosition5': u'AMSA23.JPG'}
50.5682 	EXP 	Instructions: autoDraw = False
50.5682 	EXP 	FixationPoint: color = 'white (named)'
50.5682 	EXP 	Number1: color = 'white (named)'
50.5682 	EXP 	Number2: color = 'white (named)'
50.5682 	EXP 	Number3: color = 'white (named)'
50.5682 	EXP 	Number4: color = 'white (named)'
50.5682 	EXP 	AFNE02.jpg: pos = array([ 0. ,  6.2])
50.5682 	EXP 	AFSA16.jpg: pos = array([ 6.2,  0. ])
50.5682 	EXP 	AFSA02.jpg: pos = array([ 0. , -6.2])
50.5682 	EXP 	AFNE17.jpg: pos = array([-6.2,  0. ])
50.5682 	EXP 	FixationPoint: autoDraw = True
51.0852 	EXP 	AFNE02.jpg: autoDraw = True
51.0852 	EXP 	AFSA16.jpg: autoDraw = True
51.0852 	EXP 	AFSA02.jpg: autoDraw = True
51.0852 	EXP 	AFNE17.jpg: autoDraw = True
52.5865 	EXP 	AFNE02.jpg: autoDraw = False
52.5865 	EXP 	AFSA16.jpg: autoDraw = False
52.5865 	EXP 	AFSA02.jpg: autoDraw = False
52.5865 	EXP 	AFNE17.jpg: autoDraw = False
54.0878 	EXP 	Number1: autoDraw = True
54.0878 	EXP 	Number2: autoDraw = True
54.0878 	EXP 	Number3: autoDraw = True
54.0878 	EXP 	Number4: autoDraw = True
54.0878 	EXP 	AFSA02.jpg: pos = array([ 0.,  0.])
54.0878 	EXP 	AFSA02.jpg: autoDraw = True
58.8921 	EXP 	New trial (rep=0, index=1): {'IPosition2': u'AFNE22.JPG', 'IPosition3': u'AFSA24.JPG', 'IPosition1': u'AFSA22.JPG', 'IPosition6': u'AFNE25.JPG', 'IPosition4': u'AFNE24.JPG', 'IPosition5': u'AFSA25.JPG'}
58.9084 	EXP 	FixationPoint: autoDraw = False
58.9084 	EXP 	AFNE02.jpg: autoDraw = False
58.9084 	EXP 	AFSA16.jpg: autoDraw = False
58.9084 	EXP 	AFSA02.jpg: autoDraw = False
58.9084 	EXP 	AFNE17.jpg: autoDraw = False
58.9084 	EXP 	AFSA02.jpg: autoDraw = False
58.9084 	EXP 	Number1: autoDraw = False
58.9084 	EXP 	Number2: autoDraw = False
58.9084 	EXP 	Number3: autoDraw = False
58.9084 	EXP 	Number4: autoDraw = False
58.9084 	EXP 	FixationPoint: color = 'white (named)'
58.9084 	EXP 	Number1: color = 'white (named)'
58.9084 	EXP 	Number2: color = 'white (named)'
58.9084 	EXP 	Number3: color = 'white (named)'
58.9084 	EXP 	Number4: color = 'white (named)'
58.9084 	EXP 	AFSA11.jpg: pos = array([ 0. ,  6.2])
58.9084 	EXP 	AFNE18.jpg: pos = array([ 6.2,  0. ])
58.9084 	EXP 	AFNE04.jpg: pos = array([ 0. , -6.2])
58.9084 	EXP 	AFSA03.jpg: pos = array([-6.2,  0. ])
58.9084 	EXP 	FixationPoint: autoDraw = True
59.4255 	EXP 	AFSA11.jpg: autoDraw = True
59.4255 	EXP 	AFNE18.jpg: autoDraw = True
59.4255 	EXP 	AFNE04.jpg: autoDraw = True
59.4255 	EXP 	AFSA03.jpg: autoDraw = True
60.9100 	EXP 	AFSA11.jpg: autoDraw = False
60.9100 	EXP 	AFNE18.jpg: autoDraw = False
60.9100 	EXP 	AFNE04.jpg: autoDraw = False
60.9100 	EXP 	AFSA03.jpg: autoDraw = False
62.4113 	EXP 	Number1: autoDraw = True
62.4113 	EXP 	Number2: autoDraw = True
62.4113 	EXP 	Number3: autoDraw = True
62.4113 	EXP 	Number4: autoDraw = True
62.4113 	EXP 	AFNE18.jpg: pos = array([ 0.,  0.])
62.4113 	EXP 	AFNE18.jpg: autoDraw = True
67.3987 	EXP 	FixationPoint: autoDraw = False
67.3992 	EXP 	New trial (rep=0, index=2): {'IPosition2': u'AFSA21.JPG', 'IPosition3': u'AFNE23.JPG', 'IPosition1': u'AFNE21.JPG', 'IPosition6': u'AFSA25.JPG', 'IPosition4': u'AFNE25.JPG', 'IPosition5': u'AFSA23.JPG'}
67.4155 	EXP 	FixationPoint: autoDraw = False
67.4155 	EXP 	AFSA11.jpg: autoDraw = False
67.4155 	EXP 	AFNE18.jpg: autoDraw = False
67.4155 	EXP 	AFNE04.jpg: autoDraw = False
67.4155 	EXP 	AFSA03.jpg: autoDraw = False
67.4155 	EXP 	AFNE18.jpg: autoDraw = False
67.4155 	EXP 	Number1: autoDraw = False
67.4155 	EXP 	Number2: autoDraw = False
67.4155 	EXP 	Number3: autoDraw = False
67.4155 	EXP 	Number4: autoDraw = False
67.4155 	EXP 	FixationPoint: color = 'white (named)'
67.4155 	EXP 	Number1: color = 'white (named)'
67.4155 	EXP 	Number2: color = 'white (named)'
67.4155 	EXP 	Number3: color = 'white (named)'
67.4155 	EXP 	Number4: color = 'white (named)'
67.4155 	EXP 	AFSA04.jpg: pos = array([ 0. ,  6.2])
67.4155 	EXP 	AFNE06.jpg: pos = array([ 6.2,  0. ])
67.4155 	EXP 	AFSA18.jpg: pos = array([ 0. , -6.2])
67.4155 	EXP 	AFNE19.jpg: pos = array([-6.2,  0. ])
67.4155 	EXP 	FixationPoint: autoDraw = True
67.9325 	EXP 	AFSA04.jpg: autoDraw = True
67.9325 	EXP 	AFNE06.jpg: autoDraw = True
67.9325 	EXP 	AFSA18.jpg: autoDraw = True
67.9325 	EXP 	AFNE19.jpg: autoDraw = True
69.4171 	EXP 	AFSA04.jpg: autoDraw = False
69.4171 	EXP 	AFNE06.jpg: autoDraw = False
69.4171 	EXP 	AFSA18.jpg: autoDraw = False
69.4171 	EXP 	AFNE19.jpg: autoDraw = False
70.9183 	EXP 	Number1: autoDraw = True
70.9183 	EXP 	Number2: autoDraw = True
70.9183 	EXP 	Number3: autoDraw = True
70.9183 	EXP 	Number4: autoDraw = True
70.9183 	EXP 	AFSA04.jpg: pos = array([ 0.,  0.])
70.9183 	EXP 	AFSA04.jpg: autoDraw = True
71.2354 	DATA 	Keypress: 8
72.2862 	DATA 	Keypress: 8
72.7366 	DATA 	Keypress: 8
75.1555 	DATA 	Keypress: num_8
75.1567 	EXP 	New trial (rep=0, index=3): {'IPosition2': u'AFSA25.JPG', 'IPosition3': u'AFNE24.JPG', 'IPosition1': u'AFSA24.JPG', 'IPosition6': u'AFNE21.JPG', 'IPosition4': u'AFSA21.JPG', 'IPosition5': u'AFNE25.JPG'}
75.1719 	EXP 	FixationPoint: autoDraw = False
75.1719 	EXP 	AFSA04.jpg: autoDraw = False
75.1719 	EXP 	AFNE06.jpg: autoDraw = False
75.1719 	EXP 	AFSA18.jpg: autoDraw = False
75.1719 	EXP 	AFNE19.jpg: autoDraw = False
75.1719 	EXP 	AFSA04.jpg: autoDraw = False
75.1719 	EXP 	Number1: autoDraw = False
75.1719 	EXP 	Number2: autoDraw = False
75.1719 	EXP 	Number3: autoDraw = False
75.1719 	EXP 	Number4: autoDraw = False
75.1719 	EXP 	FixationPoint: color = 'white (named)'
75.1719 	EXP 	Number1: color = 'white (named)'
75.1719 	EXP 	Number2: color = 'white (named)'
75.1719 	EXP 	Number3: color = 'white (named)'
75.1719 	EXP 	Number4: color = 'white (named)'
75.1719 	EXP 	AFNE11.jpg: pos = array([ 0. ,  6.2])
75.1719 	EXP 	AFNE17.jpg: pos = array([ 6.2,  0. ])
75.1719 	EXP 	AFSA11.jpg: pos = array([ 0. , -6.2])
75.1719 	EXP 	AFSA15.jpg: pos = array([-6.2,  0. ])
75.1719 	EXP 	FixationPoint: autoDraw = True
75.6889 	EXP 	AFNE11.jpg: autoDraw = True
75.6889 	EXP 	AFNE17.jpg: autoDraw = True
75.6889 	EXP 	AFSA11.jpg: autoDraw = True
75.6889 	EXP 	AFSA15.jpg: autoDraw = True
77.1902 	EXP 	AFNE11.jpg: autoDraw = False
77.1902 	EXP 	AFNE17.jpg: autoDraw = False
77.1902 	EXP 	AFSA11.jpg: autoDraw = False
77.1902 	EXP 	AFSA15.jpg: autoDraw = False
78.6747 	EXP 	Number1: autoDraw = True
78.6747 	EXP 	Number2: autoDraw = True
78.6747 	EXP 	Number3: autoDraw = True
78.6747 	EXP 	Number4: autoDraw = True
78.6747 	EXP 	AFSA11.jpg: pos = array([ 0.,  0.])
78.6747 	EXP 	AFSA11.jpg: autoDraw = True
83.6622 	EXP 	FixationPoint: autoDraw = False
83.6627 	EXP 	New trial (rep=0, index=4): {'IPosition2': u'AFNE23.JPG', 'IPosition3': u'AFNE24.JPG', 'IPosition1': u'AFNE22.JPG', 'IPosition6': u'AFSA24.JPG', 'IPosition4': u'AFSA22.JPG', 'IPosition5': u'AFSA23.JPG'}
83.6789 	EXP 	Number1: autoDraw = False
83.6789 	EXP 	Number2: autoDraw = False
83.6789 	EXP 	Number3: autoDraw = False
83.6789 	EXP 	Number4: autoDraw = False
83.6789 	EXP 	AFSA11.jpg: autoDraw = False
83.6789 	EXP 	FixationPoint: autoDraw = False
83.6789 	EXP 	AFNE11.jpg: autoDraw = False
83.6789 	EXP 	AFNE17.jpg: autoDraw = False
83.6789 	EXP 	AFSA11.jpg: autoDraw = False
83.6789 	EXP 	AFSA15.jpg: autoDraw = False
83.6789 	EXP 	AFSA11.jpg: autoDraw = False
83.6789 	EXP 	Number1: autoDraw = False
83.6789 	EXP 	Number2: autoDraw = False
83.6789 	EXP 	Number3: autoDraw = False
83.6789 	EXP 	Number4: autoDraw = False
83.6789 	EXP 	FixationPoint: color = 'white (named)'
83.6789 	EXP 	Number1: color = 'white (named)'
83.6789 	EXP 	Number2: color = 'white (named)'
83.6789 	EXP 	Number3: color = 'white (named)'
83.6789 	EXP 	Number4: color = 'white (named)'
83.6789 	EXP 	AFNE08.jpg: pos = array([ 0. ,  6.2])
83.6789 	EXP 	AFNE11.jpg: pos = array([ 6.2,  0. ])
83.6789 	EXP 	AFSA04.jpg: pos = array([ 0. , -6.2])
83.6789 	EXP 	AFSA08.jpg: pos = array([-6.2,  0. ])
83.6789 	EXP 	FixationPoint: autoDraw = True
84.1960 	EXP 	AFNE08.jpg: autoDraw = True
84.1960 	EXP 	AFNE11.jpg: autoDraw = True
84.1960 	EXP 	AFSA04.jpg: autoDraw = True
84.1960 	EXP 	AFSA08.jpg: autoDraw = True
84.9300 	DATA 	Keypress: escape
